<?xml version="1.0" encoding="UTF-8"?>
<!-- Generated by org.testng.reporters.JUnitXMLReporter -->
<testsuite ignored="0" hostname="Abi" failures="0" tests="9" name="Default test" time="4.072" errors="0" timestamp="2020-05-23T15:28:44 MST">
  <testcase classname="com.testcase.GetAllEmployees" name="checkContentEncoding" time="0.011"/>
  <testcase classname="com.testcase.GetAllEmployees" name="checkContenttype" time="0.004"/>
  <testcase classname="com.testcase.GetAllEmployees" name="checkResponseBody" time="0.071"/>
  <testcase classname="com.testcase.GetAllEmployees" name="checkResponsetime" time="0.004"/>
  <testcase classname="com.testcase.GetAllEmployees" name="checkServertype" time="0.002"/>
  <testcase classname="com.testcase.GetAllEmployees" name="checkStatuscode" time="0.008"/>
  <testcase classname="com.testcase.GetAllEmployees" name="checkStatusline" time="0.009"/>
  <testcase classname="com.testcase.GetAllEmployees" name="checkcookies" time="0.006"/>
  <testcase classname="com.testcase.GetAllEmployees" name="getallheaders" time="0.007"/>
</testsuite> <!-- Default test -->
