<?xml version="1.0" encoding="UTF-8"?>
<!-- Generated by org.testng.reporters.JUnitXMLReporter -->
<testsuite ignored="0" hostname="Abi" failures="1" tests="45" name="Test" time="6.64" errors="0" timestamp="28 May 2020 21:34:24 GMT">
  <testcase classname="com.testcase.DeleteRecord" name="checkContentEncoding" time="0.085"/>
  <testcase classname="com.testcase.DeleteRecord" name="checkContenttype" time="0.007"/>
  <testcase classname="com.testcase.DeleteRecord" name="checkResponseBody" time="0.084"/>
  <testcase classname="com.testcase.DeleteRecord" name="checkResponsetime" time="0.013"/>
  <testcase classname="com.testcase.DeleteRecord" name="checkServertype" time="0.035"/>
  <testcase classname="com.testcase.DeleteRecord" name="checkStatuscode" time="0.013"/>
  <testcase classname="com.testcase.DeleteRecord" name="checkStatusline" time="0.058"/>
  <testcase classname="com.testcase.DeleteRecord" name="checkcookies" time="0.01"/>
  <testcase classname="com.testcase.DeleteRecord" name="getallheaders" time="0.011"/>
  <testcase classname="com.testcase.PutEmployeeRecord" name="checkContentEncoding" time="0.006"/>
  <testcase classname="com.testcase.PutEmployeeRecord" name="checkContenttype" time="0.004"/>
  <testcase classname="com.testcase.PutEmployeeRecord" name="checkResponseBody" time="0.005"/>
  <testcase classname="com.testcase.PutEmployeeRecord" name="checkResponsetime" time="0.004"/>
  <testcase classname="com.testcase.PutEmployeeRecord" name="checkServertype" time="0.009"/>
  <testcase classname="com.testcase.PutEmployeeRecord" name="checkStatuscode" time="0.004"/>
  <testcase classname="com.testcase.PutEmployeeRecord" name="checkStatusline" time="0.004"/>
  <testcase classname="com.testcase.PutEmployeeRecord" name="checkcookies" time="0.003"/>
  <testcase classname="com.testcase.PutEmployeeRecord" name="getallheaders" time="0.006"/>
  <testcase classname="com.testcase.GetAllEmployees" name="checkContentEncoding" time="0.006"/>
  <testcase classname="com.testcase.GetAllEmployees" name="checkContenttype" time="0.003"/>
  <testcase classname="com.testcase.GetAllEmployees" name="checkResponseBody" time="0.007"/>
  <testcase classname="com.testcase.GetAllEmployees" name="checkResponsetime" time="0.003"/>
  <testcase classname="com.testcase.GetAllEmployees" name="checkServertype" time="0.003"/>
  <testcase classname="com.testcase.GetAllEmployees" name="checkStatuscode" time="0.004"/>
  <testcase classname="com.testcase.GetAllEmployees" name="checkStatusline" time="0.002"/>
  <testcase classname="com.testcase.GetAllEmployees" name="checkcookies" time="0.003"/>
  <testcase classname="com.testcase.GetAllEmployees" name="getallheaders" time="0.009"/>
  <testcase classname="com.testcase.PostEmployeerecord" name="checkContentEncoding" time="0.009"/>
  <testcase classname="com.testcase.PostEmployeerecord" name="checkContenttype" time="0.008"/>
  <testcase classname="com.testcase.PostEmployeerecord" name="checkResponseBody" time="0.007"/>
  <testcase classname="com.testcase.PostEmployeerecord" name="checkResponsetime" time="0.005"/>
  <testcase classname="com.testcase.PostEmployeerecord" name="checkServertype" time="0.004"/>
  <testcase classname="com.testcase.PostEmployeerecord" name="checkStatuscode" time="0.007">
    <failure type="java.lang.AssertionError" message="expected [201] but found [200]">
      <![CDATA[java.lang.AssertionError: expected [201] but found [200]
	at com.testcase.PostEmployeerecord.checkStatuscode(PostEmployeerecord.java:54)
... Removed 31 stack frames]]>
    </failure>
  </testcase> <!-- checkStatuscode -->
  <testcase classname="com.testcase.PostEmployeerecord" name="checkStatusline" time="0.005"/>
  <testcase classname="com.testcase.PostEmployeerecord" name="checkcookies" time="0.005"/>
  <testcase classname="com.testcase.PostEmployeerecord" name="getallheaders" time="0.005"/>
  <testcase classname="com.testcase.GetSingleemployeeRecord" name="checkContentEncoding" time="0.008"/>
  <testcase classname="com.testcase.GetSingleemployeeRecord" name="checkContenttype" time="0.008"/>
  <testcase classname="com.testcase.GetSingleemployeeRecord" name="checkResponseBody" time="0.01"/>
  <testcase classname="com.testcase.GetSingleemployeeRecord" name="checkResponsetime" time="0.005"/>
  <testcase classname="com.testcase.GetSingleemployeeRecord" name="checkServertype" time="0.003"/>
  <testcase classname="com.testcase.GetSingleemployeeRecord" name="checkStatuscode" time="0.003"/>
  <testcase classname="com.testcase.GetSingleemployeeRecord" name="checkStatusline" time="0.003"/>
  <testcase classname="com.testcase.GetSingleemployeeRecord" name="checkcookies" time="0.004"/>
  <testcase classname="com.testcase.GetSingleemployeeRecord" name="getallheaders" time="0.007"/>
</testsuite> <!-- Test -->
